1525260632933	geckodriver	INFO	geckodriver 0.20.1
1525260632939	geckodriver	INFO	Listening on 127.0.0.1:60034
1525260636002	mozrunner::runner	INFO	Running command: "D:\\Program Files (x86)\\Mozilla Firefox\\firefox.exe" "-marionette" "-profile" "C:\\Users\\Yang\\AppData\\Local\\Temp\\rust_mozprofile.92ox7Em8Qire"
1525260636351	Marionette	INFO	Enabled via --marionette
Unable to read VR Path Registry from C:\Users\Yang\AppData\Local\openvr\openvrpaths.vrpath
[Child 13836, Chrome_ChildThread] WARNING: pipe error: 109: file z:/build/build/src/ipc/chromium/src/chrome/common/ipc_channel_win.cc, line 346
[Child 13836, Chrome_ChildThread] WARNING: pipe error: 109: file z:/build/build/src/ipc/chromium/src/chrome/common/ipc_channel_win.cc, line 346
1525260637261	Marionette	INFO	Listening on port 60047
1525260637520	Marionette	WARN	TLS certificate errors will be ignored for this session
1525260637557	Marionette	DEBUG	Register listener.js for window 4294967297
1525260637716	Marionette	DEBUG	Received DOM event "beforeunload" for "about:blank"
1525260638626	Marionette	DEBUG	Received DOM event "pagehide" for "about:blank"
1525260638626	Marionette	DEBUG	Received DOM event "unload" for "about:blank"
1525260639092	Marionette	DEBUG	Received DOM event "DOMContentLoaded" for "https://www.jianshu.com/"
1525260643934	Marionette	DEBUG	Received DOM event "pageshow" for "https://www.jianshu.com/"
1525260645100	Marionette	DEBUG	Received DOM event "beforeunload" for "https://www.jianshu.com/"
1525260645305	Marionette	DEBUG	Received DOM event "pagehide" for "https://www.jianshu.com/"
1525260645306	Marionette	DEBUG	Received DOM event "unload" for "https://www.jianshu.com/"
1525260645663	Marionette	DEBUG	Received DOM event "DOMContentLoaded" for "https://www.jianshu.com/p/d1d89ed69098"
1525260645736	Marionette	DEBUG	Received DOM event "pageshow" for "https://www.jianshu.com/p/d1d89ed69098"
1525260646817	Marionette	DEBUG	Received DOM event "beforeunload" for "https://www.jianshu.com/p/d1d89ed69098"
1525260647096	Marionette	DEBUG	Received DOM event "pagehide" for "https://www.jianshu.com/p/d1d89ed69098"
1525260647099	Marionette	DEBUG	Received DOM event "unload" for "https://www.jianshu.com/p/d1d89ed69098"
1525260647459	Marionette	DEBUG	Received DOM event "DOMContentLoaded" for "https://www.jianshu.com/p/a64529b4ccf3"
1525260647509	Marionette	DEBUG	Received DOM event "pageshow" for "https://www.jianshu.com/p/a64529b4ccf3"
1525260648566	Marionette	DEBUG	Received DOM event "beforeunload" for "https://www.jianshu.com/p/a64529b4ccf3"
1525260648786	Marionette	DEBUG	Received DOM event "pagehide" for "https://www.jianshu.com/p/a64529b4ccf3"
1525260648789	Marionette	DEBUG	Received DOM event "unload" for "https://www.jianshu.com/p/a64529b4ccf3"
1525260649115	Marionette	DEBUG	Received DOM event "DOMContentLoaded" for "https://www.jianshu.com/p/e1c705230850"
1525260649459	Marionette	DEBUG	Received DOM event "pageshow" for "https://www.jianshu.com/p/e1c705230850"
1525260650526	Marionette	DEBUG	Received DOM event "beforeunload" for "https://www.jianshu.com/p/e1c705230850"
1525260650846	Marionette	DEBUG	Received DOM event "pagehide" for "https://www.jianshu.com/p/e1c705230850"
1525260650849	Marionette	DEBUG	Received DOM event "unload" for "https://www.jianshu.com/p/e1c705230850"
1525260651229	Marionette	DEBUG	Received DOM event "DOMContentLoaded" for "https://www.jianshu.com/p/ed7ca899d796"
1525260651295	Marionette	DEBUG	Received DOM event "pageshow" for "https://www.jianshu.com/p/ed7ca899d796"
1525260652350	Marionette	DEBUG	Received DOM event "beforeunload" for "https://www.jianshu.com/p/ed7ca899d796"
1525260652588	Marionette	DEBUG	Received DOM event "pagehide" for "https://www.jianshu.com/p/ed7ca899d796"
1525260652592	Marionette	DEBUG	Received DOM event "unload" for "https://www.jianshu.com/p/ed7ca899d796"
1525260652948	Marionette	DEBUG	Received DOM event "DOMContentLoaded" for "https://www.jianshu.com/p/78efd269b9fd"
1525260653034	Marionette	DEBUG	Received DOM event "pageshow" for "https://www.jianshu.com/p/78efd269b9fd"
1525260654093	Marionette	DEBUG	Received DOM event "beforeunload" for "https://www.jianshu.com/p/78efd269b9fd"
1525260654366	Marionette	DEBUG	Received DOM event "pagehide" for "https://www.jianshu.com/p/78efd269b9fd"
1525260654369	Marionette	DEBUG	Received DOM event "unload" for "https://www.jianshu.com/p/78efd269b9fd"
1525260654831	Marionette	DEBUG	Received DOM event "DOMContentLoaded" for "https://www.jianshu.com/p/3ea8262b0927"
1525260654939	Marionette	DEBUG	Received DOM event "pageshow" for "https://www.jianshu.com/p/3ea8262b0927"
1525260655957	Marionette	DEBUG	Received DOM event "beforeunload" for "https://www.jianshu.com/p/3ea8262b0927"
1525260656104	Marionette	DEBUG	Received DOM event "pagehide" for "https://www.jianshu.com/p/3ea8262b0927"
1525260656108	Marionette	DEBUG	Received DOM event "unload" for "https://www.jianshu.com/p/3ea8262b0927"
1525260656489	Marionette	DEBUG	Received DOM event "DOMContentLoaded" for "https://www.jianshu.com/p/a1185aabecad"
1525260656543	Marionette	DEBUG	Received DOM event "pageshow" for "https://www.jianshu.com/p/a1185aabecad"
1525260657602	Marionette	DEBUG	Received DOM event "beforeunload" for "https://www.jianshu.com/p/a1185aabecad"
1525260657849	Marionette	DEBUG	Received DOM event "pagehide" for "https://www.jianshu.com/p/a1185aabecad"
1525260657853	Marionette	DEBUG	Received DOM event "unload" for "https://www.jianshu.com/p/a1185aabecad"
1525260658192	Marionette	DEBUG	Received DOM event "DOMContentLoaded" for "https://www.jianshu.com/p/98770ea700f5"
1525260658264	Marionette	DEBUG	Received DOM event "pageshow" for "https://www.jianshu.com/p/98770ea700f5"
1525260659299	Marionette	DEBUG	Received DOM event "beforeunload" for "https://www.jianshu.com/p/98770ea700f5"
1525260659861	Marionette	DEBUG	Received DOM event "pagehide" for "https://www.jianshu.com/p/98770ea700f5"
1525260659865	Marionette	DEBUG	Received DOM event "unload" for "https://www.jianshu.com/p/98770ea700f5"
1525260660248	Marionette	DEBUG	Received DOM event "DOMContentLoaded" for "https://www.jianshu.com/p/cabc8fa39830"
1525260660412	Marionette	DEBUG	Received DOM event "pageshow" for "https://www.jianshu.com/p/cabc8fa39830"
1525260661471	Marionette	DEBUG	Received DOM event "beforeunload" for "https://www.jianshu.com/p/cabc8fa39830"
1525260661752	Marionette	DEBUG	Received DOM event "pagehide" for "https://www.jianshu.com/p/cabc8fa39830"
1525260661756	Marionette	DEBUG	Received DOM event "unload" for "https://www.jianshu.com/p/cabc8fa39830"
1525260662096	Marionette	DEBUG	Received DOM event "DOMContentLoaded" for "https://www.jianshu.com/p/fc1c113e5b6b"
1525260662180	Marionette	DEBUG	Received DOM event "pageshow" for "https://www.jianshu.com/p/fc1c113e5b6b"
1525260663229	Marionette	DEBUG	Received DOM event "beforeunload" for "https://www.jianshu.com/p/fc1c113e5b6b"
1525260663564	Marionette	DEBUG	Received DOM event "pagehide" for "https://www.jianshu.com/p/fc1c113e5b6b"
1525260663569	Marionette	DEBUG	Received DOM event "unload" for "https://www.jianshu.com/p/fc1c113e5b6b"
1525260663937	Marionette	DEBUG	Received DOM event "DOMContentLoaded" for "https://www.jianshu.com/p/3264af62268b"
1525260663989	Marionette	DEBUG	Received DOM event "pageshow" for "https://www.jianshu.com/p/3264af62268b"
1525260665026	Marionette	DEBUG	Received DOM event "beforeunload" for "https://www.jianshu.com/p/3264af62268b"
1525260665317	Marionette	DEBUG	Received DOM event "pagehide" for "https://www.jianshu.com/p/3264af62268b"
1525260665319	Marionette	DEBUG	Received DOM event "unload" for "https://www.jianshu.com/p/3264af62268b"
1525260665661	Marionette	DEBUG	Received DOM event "DOMContentLoaded" for "https://www.jianshu.com/p/dc5761bbaa76"
1525260665715	Marionette	DEBUG	Received DOM event "pageshow" for "https://www.jianshu.com/p/dc5761bbaa76"
1525260666732	Marionette	DEBUG	Received DOM event "beforeunload" for "https://www.jianshu.com/p/dc5761bbaa76"
1525260666978	Marionette	DEBUG	Received DOM event "pagehide" for "https://www.jianshu.com/p/dc5761bbaa76"
1525260666979	Marionette	DEBUG	Received DOM event "unload" for "https://www.jianshu.com/p/dc5761bbaa76"
1525260667308	Marionette	DEBUG	Received DOM event "DOMContentLoaded" for "https://www.jianshu.com/p/0ecf211af730"
1525260667447	Marionette	DEBUG	Received DOM event "pageshow" for "https://www.jianshu.com/p/0ecf211af730"
1525260668501	Marionette	DEBUG	Received DOM event "beforeunload" for "https://www.jianshu.com/p/0ecf211af730"
1525260668730	Marionette	DEBUG	Received DOM event "pagehide" for "https://www.jianshu.com/p/0ecf211af730"
1525260668734	Marionette	DEBUG	Received DOM event "unload" for "https://www.jianshu.com/p/0ecf211af730"
1525260669241	Marionette	DEBUG	Received DOM event "DOMContentLoaded" for "https://www.jianshu.com/p/9629d3c335b6"
1525260669305	Marionette	DEBUG	Received DOM event "pageshow" for "https://www.jianshu.com/p/9629d3c335b6"
1525260670357	Marionette	DEBUG	Received DOM event "beforeunload" for "https://www.jianshu.com/p/9629d3c335b6"
1525260670805	Marionette	DEBUG	Received DOM event "pagehide" for "https://www.jianshu.com/p/9629d3c335b6"
1525260670808	Marionette	DEBUG	Received DOM event "unload" for "https://www.jianshu.com/p/9629d3c335b6"
1525260671174	Marionette	DEBUG	Received DOM event "DOMContentLoaded" for "https://www.jianshu.com/p/98db5d501702"
1525260671238	Marionette	DEBUG	Received DOM event "pageshow" for "https://www.jianshu.com/p/98db5d501702"
1525260672289	Marionette	DEBUG	Received DOM event "beforeunload" for "https://www.jianshu.com/p/98db5d501702"
1525260672495	Marionette	DEBUG	Received DOM event "pagehide" for "https://www.jianshu.com/p/98db5d501702"
1525260672499	Marionette	DEBUG	Received DOM event "unload" for "https://www.jianshu.com/p/98db5d501702"
1525260672851	Marionette	DEBUG	Received DOM event "DOMContentLoaded" for "https://www.jianshu.com/p/dd96f2b95dc1"
1525260672903	Marionette	DEBUG	Received DOM event "pageshow" for "https://www.jianshu.com/p/dd96f2b95dc1"
1525260673953	Marionette	DEBUG	Received DOM event "beforeunload" for "https://www.jianshu.com/p/dd96f2b95dc1"
1525260674292	Marionette	DEBUG	Received DOM event "pagehide" for "https://www.jianshu.com/p/dd96f2b95dc1"
1525260674292	Marionette	DEBUG	Received DOM event "unload" for "https://www.jianshu.com/p/dd96f2b95dc1"
1525260674677	Marionette	DEBUG	Received DOM event "DOMContentLoaded" for "https://www.jianshu.com/p/8372e4abcc3b"
1525260674795	Marionette	DEBUG	Received DOM event "pageshow" for "https://www.jianshu.com/p/8372e4abcc3b"
1525260675877	Marionette	DEBUG	Received DOM event "beforeunload" for "https://www.jianshu.com/p/8372e4abcc3b"
1525260676078	Marionette	DEBUG	Received DOM event "pagehide" for "https://www.jianshu.com/p/8372e4abcc3b"
1525260676079	Marionette	DEBUG	Received DOM event "unload" for "https://www.jianshu.com/p/8372e4abcc3b"
1525260676419	Marionette	DEBUG	Received DOM event "DOMContentLoaded" for "https://www.jianshu.com/p/0bbc80b583e7"
1525260676874	Marionette	DEBUG	Received DOM event "pageshow" for "https://www.jianshu.com/p/0bbc80b583e7"
1525260677940	Marionette	DEBUG	Received DOM event "beforeunload" for "https://www.jianshu.com/p/0bbc80b583e7"
1525260678167	Marionette	DEBUG	Received DOM event "pagehide" for "https://www.jianshu.com/p/0bbc80b583e7"
1525260678167	Marionette	DEBUG	Received DOM event "unload" for "https://www.jianshu.com/p/0bbc80b583e7"
1525260678582	Marionette	DEBUG	Received DOM event "DOMContentLoaded" for "https://www.jianshu.com/p/2b843275edf7"
1525260678707	Marionette	DEBUG	Received DOM event "pageshow" for "https://www.jianshu.com/p/2b843275edf7"
1525260679815	Marionette	DEBUG	Received DOM event "beforeunload" for "https://www.jianshu.com/p/2b843275edf7"
1525260680064	Marionette	DEBUG	Received DOM event "pagehide" for "https://www.jianshu.com/p/2b843275edf7"
1525260680065	Marionette	DEBUG	Received DOM event "unload" for "https://www.jianshu.com/p/2b843275edf7"
1525260680418	Marionette	DEBUG	Received DOM event "DOMContentLoaded" for "https://www.jianshu.com/p/82d81319ad69"
1525260680480	Marionette	DEBUG	Received DOM event "pageshow" for "https://www.jianshu.com/p/82d81319ad69"
1525260681563	Marionette	DEBUG	Received DOM event "beforeunload" for "https://www.jianshu.com/p/82d81319ad69"
1525260681764	Marionette	DEBUG	Received DOM event "pagehide" for "https://www.jianshu.com/p/82d81319ad69"
1525260681765	Marionette	DEBUG	Received DOM event "unload" for "https://www.jianshu.com/p/82d81319ad69"
1525260682201	Marionette	DEBUG	Received DOM event "DOMContentLoaded" for "https://www.jianshu.com/p/a77ce6dcd4c1"
1525260682318	Marionette	DEBUG	Received DOM event "pageshow" for "https://www.jianshu.com/p/a77ce6dcd4c1"
1525260683389	Marionette	DEBUG	Received DOM event "beforeunload" for "https://www.jianshu.com/p/a77ce6dcd4c1"
1525260683606	Marionette	DEBUG	Received DOM event "pagehide" for "https://www.jianshu.com/p/a77ce6dcd4c1"
1525260683607	Marionette	DEBUG	Received DOM event "unload" for "https://www.jianshu.com/p/a77ce6dcd4c1"
1525260684036	Marionette	DEBUG	Received DOM event "DOMContentLoaded" for "https://www.jianshu.com/p/11ed54940a0d"
1525260684284	Marionette	DEBUG	Received DOM event "pageshow" for "https://www.jianshu.com/p/11ed54940a0d"
1525260685359	Marionette	DEBUG	Received DOM event "beforeunload" for "https://www.jianshu.com/p/11ed54940a0d"
1525260686208	Marionette	DEBUG	Received DOM event "pagehide" for "https://www.jianshu.com/p/11ed54940a0d"
1525260686209	Marionette	DEBUG	Received DOM event "unload" for "https://www.jianshu.com/p/11ed54940a0d"
1525260686562	Marionette	DEBUG	Received DOM event "DOMContentLoaded" for "https://www.jianshu.com/p/9539105676ce"
1525260686629	Marionette	DEBUG	Received DOM event "pageshow" for "https://www.jianshu.com/p/9539105676ce"
1525260687679	Marionette	DEBUG	Received DOM event "beforeunload" for "https://www.jianshu.com/p/9539105676ce"
1525260687851	Marionette	DEBUG	Received DOM event "pagehide" for "https://www.jianshu.com/p/9539105676ce"
1525260687854	Marionette	DEBUG	Received DOM event "unload" for "https://www.jianshu.com/p/9539105676ce"
1525260688212	Marionette	DEBUG	Received DOM event "DOMContentLoaded" for "https://www.jianshu.com/p/725c7dc55d58"
1525260688296	Marionette	DEBUG	Received DOM event "pageshow" for "https://www.jianshu.com/p/725c7dc55d58"
1525260689353	Marionette	DEBUG	Received DOM event "beforeunload" for "https://www.jianshu.com/p/725c7dc55d58"
1525260689536	Marionette	DEBUG	Received DOM event "pagehide" for "https://www.jianshu.com/p/725c7dc55d58"
1525260689538	Marionette	DEBUG	Received DOM event "unload" for "https://www.jianshu.com/p/725c7dc55d58"
1525260689882	Marionette	DEBUG	Received DOM event "DOMContentLoaded" for "https://www.jianshu.com/p/19878aab9f1f"
1525260689951	Marionette	DEBUG	Received DOM event "pageshow" for "https://www.jianshu.com/p/19878aab9f1f"
1525260691002	Marionette	DEBUG	Received DOM event "beforeunload" for "https://www.jianshu.com/p/19878aab9f1f"
1525260691176	Marionette	DEBUG	Received DOM event "pagehide" for "https://www.jianshu.com/p/19878aab9f1f"
1525260691179	Marionette	DEBUG	Received DOM event "unload" for "https://www.jianshu.com/p/19878aab9f1f"
1525260691508	Marionette	DEBUG	Received DOM event "DOMContentLoaded" for "https://www.jianshu.com/p/f26248d43be6"
1525260691572	Marionette	DEBUG	Received DOM event "pageshow" for "https://www.jianshu.com/p/f26248d43be6"
1525260692665	Marionette	DEBUG	Received DOM event "beforeunload" for "https://www.jianshu.com/p/f26248d43be6"
1525260693042	Marionette	DEBUG	Received DOM event "pagehide" for "https://www.jianshu.com/p/f26248d43be6"
1525260693043	Marionette	DEBUG	Received DOM event "unload" for "https://www.jianshu.com/p/f26248d43be6"
1525260693439	Marionette	DEBUG	Received DOM event "DOMContentLoaded" for "https://www.jianshu.com/p/065aa43a272d"
1525260693697	Marionette	DEBUG	Received DOM event "pageshow" for "https://www.jianshu.com/p/065aa43a272d"
1525260694747	Marionette	DEBUG	Received DOM event "beforeunload" for "https://www.jianshu.com/p/065aa43a272d"
1525260695119	Marionette	DEBUG	Received DOM event "pagehide" for "https://www.jianshu.com/p/065aa43a272d"
1525260695120	Marionette	DEBUG	Received DOM event "unload" for "https://www.jianshu.com/p/065aa43a272d"
1525260695520	Marionette	DEBUG	Received DOM event "DOMContentLoaded" for "https://www.jianshu.com/p/22c5b6081eac"
1525260695921	Marionette	DEBUG	Received DOM event "pageshow" for "https://www.jianshu.com/p/22c5b6081eac"
1525260696938	Marionette	DEBUG	Received DOM event "beforeunload" for "https://www.jianshu.com/p/22c5b6081eac"
1525260697155	Marionette	DEBUG	Received DOM event "pagehide" for "https://www.jianshu.com/p/22c5b6081eac"
1525260697158	Marionette	DEBUG	Received DOM event "unload" for "https://www.jianshu.com/p/22c5b6081eac"
1525260697516	Marionette	DEBUG	Received DOM event "DOMContentLoaded" for "https://www.jianshu.com/p/ce340277fc6e"
1525260697577	Marionette	DEBUG	Received DOM event "pageshow" for "https://www.jianshu.com/p/ce340277fc6e"
1525260698774	Marionette	DEBUG	Received DOM event "beforeunload" for "https://www.jianshu.com/p/ce340277fc6e"
1525260699129	Marionette	DEBUG	Received DOM event "pagehide" for "https://www.jianshu.com/p/ce340277fc6e"
1525260699133	Marionette	DEBUG	Received DOM event "unload" for "https://www.jianshu.com/p/ce340277fc6e"
1525260699481	Marionette	DEBUG	Received DOM event "DOMContentLoaded" for "https://www.jianshu.com/p/869f18cb59be?utm_campaign=maleskine&utm_content=note&utm_medium=seo_notes&utm_source=recommendation"
1525260699872	Marionette	DEBUG	Received DOM event "pageshow" for "https://www.jianshu.com/p/869f18cb59be?utm_campaign=maleskine&utm_content=note&utm_medium=seo_notes&utm_source=recommendation"
1525260700934	Marionette	DEBUG	Received DOM event "beforeunload" for "https://www.jianshu.com/p/869f18cb59be?utm_campaign=maleskine&utm_content=note&utm_medium=seo_notes&utm_source=recommendation"
1525260701189	Marionette	DEBUG	Received DOM event "pagehide" for "https://www.jianshu.com/p/869f18cb59be?utm_campaign=maleskine&utm_content=note&utm_medium=seo_notes&utm_source=recommendation"
1525260701192	Marionette	DEBUG	Received DOM event "unload" for "https://www.jianshu.com/p/869f18cb59be?utm_campaign=maleskine&utm_content=note&utm_medium=seo_notes&utm_source=recommendation"
1525260701537	Marionette	DEBUG	Received DOM event "DOMContentLoaded" for "https://www.jianshu.com/p/a285630a8cb2?utm_campaign=maleskine&utm_content=note&utm_medium=seo_notes&utm_source=recommendation"
1525260702070	Marionette	DEBUG	Received DOM event "pageshow" for "https://www.jianshu.com/p/a285630a8cb2?utm_campaign=maleskine&utm_content=note&utm_medium=seo_notes&utm_source=recommendation"
1525260703177	Marionette	DEBUG	Received DOM event "beforeunload" for "https://www.jianshu.com/p/a285630a8cb2?utm_campaign=maleskine&utm_content=note&utm_medium=seo_notes&utm_source=recommendation"
1525260703414	Marionette	DEBUG	Received DOM event "pagehide" for "https://www.jianshu.com/p/a285630a8cb2?utm_campaign=maleskine&utm_content=note&utm_medium=seo_notes&utm_source=recommendation"
1525260703415	Marionette	DEBUG	Received DOM event "unload" for "https://www.jianshu.com/p/a285630a8cb2?utm_campaign=maleskine&utm_content=note&utm_medium=seo_notes&utm_source=recommendation"
1525260703831	Marionette	DEBUG	Received DOM event "DOMContentLoaded" for "https://www.jianshu.com/p/80d52a087c4d?utm_campaign=maleskine&utm_content=note&utm_medium=seo_notes&utm_source=recommendation"
1525260704094	Marionette	DEBUG	Received DOM event "pageshow" for "https://www.jianshu.com/p/80d52a087c4d?utm_campaign=maleskine&utm_content=note&utm_medium=seo_notes&utm_source=recommendation"
1525260705149	Marionette	DEBUG	Received DOM event "beforeunload" for "https://www.jianshu.com/p/80d52a087c4d?utm_campaign=maleskine&utm_content=note&utm_medium=seo_notes&utm_source=recommendation"
1525260705525	Marionette	DEBUG	Received DOM event "pagehide" for "https://www.jianshu.com/p/80d52a087c4d?utm_campaign=maleskine&utm_content=note&utm_medium=seo_notes&utm_source=recommendation"
1525260705527	Marionette	DEBUG	Received DOM event "unload" for "https://www.jianshu.com/p/80d52a087c4d?utm_campaign=maleskine&utm_content=note&utm_medium=seo_notes&utm_source=recommendation"
1525260705858	Marionette	DEBUG	Received DOM event "DOMContentLoaded" for "https://www.jianshu.com/p/ad9fcc65da50?utm_campaign=maleskine&utm_content=note&utm_medium=seo_notes&utm_source=recommendation"
1525260706009	Marionette	DEBUG	Received DOM event "pageshow" for "https://www.jianshu.com/p/ad9fcc65da50?utm_campaign=maleskine&utm_content=note&utm_medium=seo_notes&utm_source=recommendation"
1525260707073	Marionette	DEBUG	Received DOM event "beforeunload" for "https://www.jianshu.com/p/ad9fcc65da50?utm_campaign=maleskine&utm_content=note&utm_medium=seo_notes&utm_source=recommendation"
1525260707459	Marionette	DEBUG	Received DOM event "pagehide" for "https://www.jianshu.com/p/ad9fcc65da50?utm_campaign=maleskine&utm_content=note&utm_medium=seo_notes&utm_source=recommendation"
1525260707460	Marionette	DEBUG	Received DOM event "unload" for "https://www.jianshu.com/p/ad9fcc65da50?utm_campaign=maleskine&utm_content=note&utm_medium=seo_notes&utm_source=recommendation"
1525260707871	Marionette	DEBUG	Received DOM event "DOMContentLoaded" for "https://www.jianshu.com/p/fa9ac6b8de6d?utm_campaign=maleskine&utm_content=note&utm_medium=seo_notes&utm_source=recommendation"
1525260708526	Marionette	DEBUG	Received DOM event "pageshow" for "https://www.jianshu.com/p/fa9ac6b8de6d?utm_campaign=maleskine&utm_content=note&utm_medium=seo_notes&utm_source=recommendation"
1525260709613	Marionette	DEBUG	Received DOM event "beforeunload" for "https://www.jianshu.com/p/fa9ac6b8de6d?utm_campaign=maleskine&utm_content=note&utm_medium=seo_notes&utm_source=recommendation"
1525260709954	Marionette	DEBUG	Received DOM event "pagehide" for "https://www.jianshu.com/p/fa9ac6b8de6d?utm_campaign=maleskine&utm_content=note&utm_medium=seo_notes&utm_source=recommendation"
1525260709955	Marionette	DEBUG	Received DOM event "unload" for "https://www.jianshu.com/p/fa9ac6b8de6d?utm_campaign=maleskine&utm_content=note&utm_medium=seo_notes&utm_source=recommendation"
1525260710629	Marionette	DEBUG	Received DOM event "DOMContentLoaded" for "https://www.jianshu.com/p/f4db0129588b?utm_campaign=maleskine&utm_content=note&utm_medium=seo_notes&utm_source=recommendation"
1525260710776	Marionette	DEBUG	Received DOM event "pageshow" for "https://www.jianshu.com/p/f4db0129588b?utm_campaign=maleskine&utm_content=note&utm_medium=seo_notes&utm_source=recommendation"
1525260711824	Marionette	DEBUG	Received DOM event "beforeunload" for "https://www.jianshu.com/p/f4db0129588b?utm_campaign=maleskine&utm_content=note&utm_medium=seo_notes&utm_source=recommendation"
1525260712199	Marionette	DEBUG	Received DOM event "pagehide" for "https://www.jianshu.com/p/f4db0129588b?utm_campaign=maleskine&utm_content=note&utm_medium=seo_notes&utm_source=recommendation"
1525260712204	Marionette	DEBUG	Received DOM event "unload" for "https://www.jianshu.com/p/f4db0129588b?utm_campaign=maleskine&utm_content=note&utm_medium=seo_notes&utm_source=recommendation"
1525260712566	Marionette	DEBUG	Received DOM event "DOMContentLoaded" for "https://www.jianshu.com/p/027d0d25a7a7"
1525260712647	Marionette	DEBUG	Received DOM event "pageshow" for "https://www.jianshu.com/p/027d0d25a7a7"
1525260713708	Marionette	DEBUG	Received DOM event "beforeunload" for "https://www.jianshu.com/p/027d0d25a7a7"
1525260714037	Marionette	DEBUG	Received DOM event "pagehide" for "https://www.jianshu.com/p/027d0d25a7a7"
1525260714040	Marionette	DEBUG	Received DOM event "unload" for "https://www.jianshu.com/p/027d0d25a7a7"
1525260714632	Marionette	DEBUG	Received DOM event "DOMContentLoaded" for "https://www.jianshu.com/p/3d4253499bfe?utm_campaign=maleskine&utm_content=note&utm_medium=seo_notes&utm_source=recommendation"
1525260714693	Marionette	DEBUG	Received DOM event "pageshow" for "https://www.jianshu.com/p/3d4253499bfe?utm_campaign=maleskine&utm_content=note&utm_medium=seo_notes&utm_source=recommendation"
1525260715805	Marionette	DEBUG	Received DOM event "beforeunload" for "https://www.jianshu.com/p/3d4253499bfe?utm_campaign=maleskine&utm_content=note&utm_medium=seo_notes&utm_source=recommendation"
1525260716059	Marionette	DEBUG	Received DOM event "pagehide" for "https://www.jianshu.com/p/3d4253499bfe?utm_campaign=maleskine&utm_content=note&utm_medium=seo_notes&utm_source=recommendation"
1525260716060	Marionette	DEBUG	Received DOM event "unload" for "https://www.jianshu.com/p/3d4253499bfe?utm_campaign=maleskine&utm_content=note&utm_medium=seo_notes&utm_source=recommendation"
1525260716379	Marionette	DEBUG	Received DOM event "DOMContentLoaded" for "https://www.jianshu.com/p/9ec112fa94b8?utm_campaign=maleskine&utm_content=note&utm_medium=seo_notes&utm_source=recommendation"
1525260716449	Marionette	DEBUG	Received DOM event "pageshow" for "https://www.jianshu.com/p/9ec112fa94b8?utm_campaign=maleskine&utm_content=note&utm_medium=seo_notes&utm_source=recommendation"
1525260717528	Marionette	DEBUG	Received DOM event "beforeunload" for "https://www.jianshu.com/p/9ec112fa94b8?utm_campaign=maleskine&utm_content=note&utm_medium=seo_notes&utm_source=recommendation"
1525260717970	Marionette	DEBUG	Received DOM event "pagehide" for "https://www.jianshu.com/p/9ec112fa94b8?utm_campaign=maleskine&utm_content=note&utm_medium=seo_notes&utm_source=recommendation"
1525260717971	Marionette	DEBUG	Received DOM event "unload" for "https://www.jianshu.com/p/9ec112fa94b8?utm_campaign=maleskine&utm_content=note&utm_medium=seo_notes&utm_source=recommendation"
1525260718374	Marionette	DEBUG	Received DOM event "DOMContentLoaded" for "https://www.jianshu.com/p/04e12b066adf?utm_campaign=maleskine&utm_content=note&utm_medium=seo_notes&utm_source=recommendation"
1525260718507	Marionette	DEBUG	Received DOM event "pageshow" for "https://www.jianshu.com/p/04e12b066adf?utm_campaign=maleskine&utm_content=note&utm_medium=seo_notes&utm_source=recommendation"
1525260719539	Marionette	DEBUG	Received DOM event "beforeunload" for "https://www.jianshu.com/p/04e12b066adf?utm_campaign=maleskine&utm_content=note&utm_medium=seo_notes&utm_source=recommendation"
1525260719843	Marionette	DEBUG	Received DOM event "pagehide" for "https://www.jianshu.com/p/04e12b066adf?utm_campaign=maleskine&utm_content=note&utm_medium=seo_notes&utm_source=recommendation"
1525260719844	Marionette	DEBUG	Received DOM event "unload" for "https://www.jianshu.com/p/04e12b066adf?utm_campaign=maleskine&utm_content=note&utm_medium=seo_notes&utm_source=recommendation"
1525260720227	Marionette	DEBUG	Received DOM event "DOMContentLoaded" for "https://www.jianshu.com/p/0d34abd386c7?utm_campaign=maleskine&utm_content=note&utm_medium=seo_notes&utm_source=recommendation"
1525260721662	Marionette	DEBUG	Received DOM event "pageshow" for "https://www.jianshu.com/p/0d34abd386c7?utm_campaign=maleskine&utm_content=note&utm_medium=seo_notes&utm_source=recommendation"
1525260722720	Marionette	DEBUG	Received DOM event "beforeunload" for "https://www.jianshu.com/p/0d34abd386c7?utm_campaign=maleskine&utm_content=note&utm_medium=seo_notes&utm_source=recommendation"
1525260723122	Marionette	DEBUG	Received DOM event "pagehide" for "https://www.jianshu.com/p/0d34abd386c7?utm_campaign=maleskine&utm_content=note&utm_medium=seo_notes&utm_source=recommendation"
1525260723125	Marionette	DEBUG	Received DOM event "unload" for "https://www.jianshu.com/p/0d34abd386c7?utm_campaign=maleskine&utm_content=note&utm_medium=seo_notes&utm_source=recommendation"
1525260723494	Marionette	DEBUG	Received DOM event "DOMContentLoaded" for "https://www.jianshu.com/p/6df6dc693ab4?utm_campaign=maleskine&utm_content=note&utm_medium=seo_notes&utm_source=recommendation"
1525260723558	Marionette	DEBUG	Received DOM event "pageshow" for "https://www.jianshu.com/p/6df6dc693ab4?utm_campaign=maleskine&utm_content=note&utm_medium=seo_notes&utm_source=recommendation"
=seo_notes&utm_source=recommendation"
1525260195092	Marionette	DEBUG	Received DOM event "DOMContentLoaded" for "https://www.jianshu.com/p/9f16c08f91c9?utm_campaign=maleskine&utm_content=note&utm_medium=seo_notes&utm_source=recommendation"
1525260195177	Marionette	DEBUG	Received DOM event "pageshow" for "https://www.jianshu.com/p/9f16c08f91c9?utm_campaign=maleskine&utm_content=note&utm_medium=seo_notes&utm_source=recommendation"
1525260196238	Marionette	DEBUG	Received DOM event "beforeunload" for "https://www.jianshu.com/p/9f16c08f91c9?utm_campaign=maleskine&utm_content=note&utm_medium=seo_notes&utm_source=recommendation"
1525260196611	Marionette	DEBUG	Received DOM event "pagehide" for "https://www.jianshu.com/p/9f16c08f91c9?utm_campaign=maleskine&utm_content=note&utm_medium=seo_notes&utm_source=recommendation"
1525260196616	Marionette	DEBUG	Received DOM event "unload" for "https://www.jianshu.com/p/9f16c08f91c9?utm_campaign=maleskine&utm_content=note&utm_medium=seo_notes&utm_source=recommendation"
1525260196981	Marionette	DEBUG	Received DOM event "DOMContentLoaded" for "https://www.jianshu.com/p/78fa1b871f1d?utm_campaign=maleskine&utm_content=note&utm_medium=seo_notes&utm_source=recommendation"
1525260197267	Marionette	DEBUG	Received DOM event "pageshow" for "https://www.jianshu.com/p/78fa1b871f1d?utm_campaign=maleskine&utm_content=note&utm_medium=seo_notes&utm_source=recommendation"
1525260198327	Marionette	DEBUG	Received DOM event "beforeunload" for "https://www.jianshu.com/p/78fa1b871f1d?utm_campaign=maleskine&utm_content=note&utm_medium=seo_notes&utm_source=recommendation"
1525260198600	Marionette	DEBUG	Received DOM event "pagehide" for "https://www.jianshu.com/p/78fa1b871f1d?utm_campaign=maleskine&utm_content=note&utm_medium=seo_notes&utm_source=recommendation"
1525260198603	Marionette	DEBUG	Received DOM event "unload" for "https://www.jianshu.com/p/78fa1b871f1d?utm_campaign=maleskine&utm_content=note&utm_medium=seo_notes&utm_source=recommendation"
1525260198951	Marionette	DEBUG	Received DOM event "DOMContentLoaded" for "https://www.jianshu.com/p/f2762ac4a800?utm_campaign=maleskine&utm_content=note&utm_medium=seo_notes&utm_source=recommendation"
1525260199185	Marionette	DEBUG	Received DOM event "pageshow" for "https://www.jianshu.com/p/f2762ac4a800?utm_campaign=maleskine&utm_content=note&utm_medium=seo_notes&utm_source=recommendation"
1525260200292	Marionette	DEBUG	Received DOM event "beforeunload" for "https://www.jianshu.com/p/f2762ac4a800?utm_campaign=maleskine&utm_content=note&utm_medium=seo_notes&utm_source=recommendation"
1525260200589	Marionette	DEBUG	Received DOM event "pagehide" for "https://www.jianshu.com/p/f2762ac4a800?utm_campaign=maleskine&utm_content=note&utm_medium=seo_notes&utm_source=recommendation"
1525260200590	Marionette	DEBUG	Received DOM event "unload" for "https://www.jianshu.com/p/f2762ac4a800?utm_campaign=maleskine&utm_content=note&utm_medium=seo_notes&utm_source=recommendation"
1525260200996	Marionette	DEBUG	Received DOM event "DOMContentLoaded" for "https://www.jianshu.com/p/a46661376005?utm_campaign=maleskine&utm_content=note&utm_medium=seo_notes&utm_source=recommendation"
1525260201189	Marionette	DEBUG	Received DOM event "pageshow" for "https://www.jianshu.com/p/a46661376005?utm_campaign=maleskine&utm_content=note&utm_medium=seo_notes&utm_source=recommendation"
1525260202274	Marionette	DEBUG	Received DOM event "beforeunload" for "https://www.jianshu.com/p/a46661376005?utm_campaign=maleskine&utm_content=note&utm_medium=seo_notes&utm_source=recommendation"
1525260202630	Marionette	DEBUG	Received DOM event "pagehide" for "https://www.jianshu.com/p/a46661376005?utm_campaign=maleskine&utm_content=note&utm_medium=seo_notes&utm_source=recommendation"
1525260202631	Marionette	DEBUG	Received DOM event "unload" for "https://www.jianshu.com/p/a46661376005?utm_campaign=maleskine&utm_content=note&utm_medium=seo_notes&utm_source=recommendation"
1525260203020	Marionette	DEBUG	Received DOM event "DOMContentLoaded" for "https://www.jianshu.com/p/30d7980ee8d5?utm_campaign=maleskine&utm_content=note&utm_medium=seo_notes&utm_source=recommendation"
1525260203214	Marionette	DEBUG	Received DOM event "pageshow" for "https://www.jianshu.com/p/30d7980ee8d5?utm_campaign=maleskine&utm_content=note&utm_medium=seo_notes&utm_source=recommendation"
1525260204459	Marionette	DEBUG	Received DOM event "beforeunload" for "https://www.jianshu.com/p/30d7980ee8d5?utm_campaign=maleskine&utm_content=note&utm_medium=seo_notes&utm_source=recommendation"
1525260204985	Marionette	DEBUG	Received DOM event "pagehide" for "https://www.jianshu.com/p/30d7980ee8d5?utm_campaign=maleskine&utm_content=note&utm_medium=seo_notes&utm_source=recommendation"
1525260204986	Marionette	DEBUG	Received DOM event "unload" for "https://www.jianshu.com/p/30d7980ee8d5?utm_campaign=maleskine&utm_content=note&utm_medium=seo_notes&utm_source=recommendation"
1525260205412	Marionette	DEBUG	Received DOM event "DOMContentLoaded" for "https://www.jianshu.com/p/d9acbc1b2dfc?utm_campaign=maleskine&utm_content=note&utm_medium=seo_notes&utm_source=recommendation"
1525260205485	Marionette	DEBUG	Received DOM event "pageshow" for "https://www.jianshu.com/p/d9acbc1b2dfc?utm_campaign=maleskine&utm_content=note&utm_medium=seo_notes&utm_source=recommendation"
1525260206742	Marionette	DEBUG	Received DOM event "beforeunload" for "https://www.jianshu.com/p/d9acbc1b2dfc?utm_campaign=maleskine&utm_content=note&utm_medium=seo_notes&utm_source=recommendation"
1525260207112	Marionette	DEBUG	Received DOM event "pagehide" for "https://www.jianshu.com/p/d9acbc1b2dfc?utm_campaign=maleskine&utm_content=note&utm_medium=seo_notes&utm_source=recommendation"
1525260207113	Marionette	DEBUG	Received DOM event "unload" for "https://www.jianshu.com/p/d9acbc1b2dfc?utm_campaign=maleskine&utm_content=note&utm_medium=seo_notes&utm_source=recommendation"
1525260207539	Marionette	DEBUG	Received DOM event "DOMContentLoaded" for "https://www.jianshu.com/p/d0b5924e2102?utm_campaign=maleskine&utm_content=note&utm_medium=seo_notes&utm_source=recommendation"
1525260207716	Marionette	DEBUG	Received DOM event "pageshow" for "https://www.jianshu.com/p/d0b5924e2102?utm_campaign=maleskine&utm_content=note&utm_medium=seo_notes&utm_source=recommendation"
1525260208750	Marionette	DEBUG	Received DOM event "beforeunload" for "https://www.jianshu.com/p/d0b5924e2102?utm_campaign=maleskine&utm_content=note&utm_medium=seo_notes&utm_source=recommendation"
1525260209103	Marionette	DEBUG	Received DOM event "pagehide" for "https://www.jianshu.com/p/d0b5924e2102?utm_campaign=maleskine&utm_content=note&utm_medium=seo_notes&utm_source=recommendation"
1525260209106	Marionette	DEBUG	Received DOM event "unload" for "https://www.jianshu.com/p/d0b5924e2102?utm_campaign=maleskine&utm_content=note&utm_medium=seo_notes&utm_source=recommendation"
1525260209525	Marionette	DEBUG	Received DOM event "DOMContentLoaded" for "https://www.jianshu.com/p/8de702fafe61?utm_campaign=maleskine&utm_content=note&utm_medium=seo_notes&utm_source=recommendation"
1525260209655	Marionette	DEBUG	Received DOM event "pageshow" for "https://www.jianshu.com/p/8de702fafe61?utm_campaign=maleskine&utm_content=note&utm_medium=seo_notes&utm_source=recommendation"
1525260211748	Marionette	DEBUG	Received DOM event "beforeunload" for "https://www.jianshu.com/p/8de702fafe61?utm_campaign=maleskine&utm_content=note&utm_medium=seo_notes&utm_source=recommendation"
1525260212293	Marionette	DEBUG	Received DOM event "pagehide" for "https://www.jianshu.com/p/8de702fafe61?utm_campaign=maleskine&utm_content=note&utm_medium=seo_notes&utm_source=recommendation"
1525260212295	Marionette	DEBUG	Received DOM event "unload" for "https://www.jianshu.com/p/8de702fafe61?utm_campaign=maleskine&utm_content=note&utm_medium=seo_notes&utm_source=recommendation"
1525260212658	Marionette	DEBUG	Received DOM event "DOMContentLoaded" for "https://www.jianshu.com/p/3c9ac0479f24?utm_campaign=maleskine&utm_content=note&utm_medium=seo_notes&utm_source=recommendation"
1525260212732	Marionette	DEBUG	Received DOM event "pageshow" for "https://www.jianshu.com/p/3c9ac0479f24?utm_campaign=maleskine&utm_content=note&utm_medium=seo_notes&utm_source=recommendation"
1525260213766	Marionette	DEBUG	Received DOM event "beforeunload" for "https://www.jianshu.com/p/3c9ac0479f24?utm_campaign=maleskine&utm_content=note&utm_medium=seo_notes&utm_source=recommendation"
1525260214090	Marionette	DEBUG	Received DOM event "pagehide" for "https://www.jianshu.com/p/3c9ac0479f24?utm_campaign=maleskine&utm_content=note&utm_medium=seo_notes&utm_source=recommendation"
1525260214092	Marionette	DEBUG	Received DOM event "unload" for "https://www.jianshu.com/p/3c9ac0479f24?utm_campaign=maleskine&utm_content=note&utm_medium=seo_notes&utm_source=recommendation"
1525260214507	Marionette	DEBUG	Received DOM event "DOMContentLoaded" for "https://www.jianshu.com/p/087da2e7f4b7?utm_campaign=maleskine&utm_content=note&utm_medium=seo_notes&utm_source=recommendation"
1525260214579	Marionette	DEBUG	Received DOM event "pageshow" for "https://www.jianshu.com/p/087da2e7f4b7?utm_campaign=maleskine&utm_content=note&utm_medium=seo_notes&utm_source=recommendation"
1525260215636	Marionette	DEBUG	Received DOM event "beforeunload" for "https://www.jianshu.com/p/087da2e7f4b7?utm_campaign=maleskine&utm_content=note&utm_medium=seo_notes&utm_source=recommendation"
1525260216028	Marionette	DEBUG	Received DOM event "pagehide" for "https://www.jianshu.com/p/087da2e7f4b7?utm_campaign=maleskine&utm_content=note&utm_medium=seo_notes&utm_source=recommendation"
1525260216031	Marionette	DEBUG	Received DOM event "unload" for "https://www.jianshu.com/p/087da2e7f4b7?utm_campaign=maleskine&utm_content=note&utm_medium=seo_notes&utm_source=recommendation"
1525260216380	Marionette	DEBUG	Received DOM event "DOMContentLoaded" for "https://www.jianshu.com/p/4ce583d275a2?utm_campaign=maleskine&utm_content=note&utm_medium=seo_notes&utm_source=recommendation"
1525260216459	Marionette	DEBUG	Received DOM event "pageshow" for "https://www.jianshu.com/p/4ce583d275a2?utm_campaign=maleskine&utm_content=note&utm_medium=seo_notes&utm_source=recommendation"
1525260217516	Marionette	DEBUG	Received DOM event "beforeunload" for "https://www.jianshu.com/p/4ce583d275a2?utm_campaign=maleskine&utm_content=note&utm_medium=seo_notes&utm_source=recommendation"
1525260217837	Marionette	DEBUG	Received DOM event "pagehide" for "https://www.jianshu.com/p/4ce583d275a2?utm_campaign=maleskine&utm_content=note&utm_medium=seo_notes&utm_source=recommendation"
1525260217841	Marionette	DEBUG	Received DOM event "unload" for "https://www.jianshu.com/p/4ce583d275a2?utm_campaign=maleskine&utm_content=note&utm_medium=seo_notes&utm_source=recommendation"
1525260218194	Marionette	DEBUG	Received DOM event "DOMContentLoaded" for "https://www.jianshu.com/p/2abc5b242d6b?utm_campaign=maleskine&utm_content=note&utm_medium=seo_notes&utm_source=recommendation"
1525260218397	Marionette	DEBUG	Received DOM event "pageshow" for "https://www.jianshu.com/p/2abc5b242d6b?utm_campaign=maleskine&utm_content=note&utm_medium=seo_notes&utm_source=recommendation"
1525260219449	Marionette	DEBUG	Received DOM event "beforeunload" for "https://www.jianshu.com/p/2abc5b242d6b?utm_campaign=maleskine&utm_content=note&utm_medium=seo_notes&utm_source=recommendation"
1525260219825	Marionette	DEBUG	Received DOM event "pagehide" for "https://www.jianshu.com/p/2abc5b242d6b?utm_campaign=maleskine&utm_content=note&utm_medium=seo_notes&utm_source=recommendation"
1525260219826	Marionette	DEBUG	Received DOM event "unload" for "https://www.jianshu.com/p/2abc5b242d6b?utm_campaign=maleskine&utm_content=note&utm_medium=seo_notes&utm_source=recommendation"
1525260220317	Marionette	DEBUG	Received DOM event "DOMContentLoaded" for "https://www.jianshu.com/p/ef386a04955a?utm_campaign=maleskine&utm_content=note&utm_medium=seo_notes&utm_source=recommendation"
1525260220419	Marionette	DEBUG	Received DOM event "pageshow" for "https://www.jianshu.com/p/ef386a04955a?utm_campaign=maleskine&utm_content=note&utm_medium=seo_notes&utm_source=recommendation"
1525260221583	Marionette	DEBUG	Received DOM event "beforeunload" for "https://www.jianshu.com/p/ef386a04955a?utm_campaign=maleskine&utm_content=note&utm_medium=seo_notes&utm_source=recommendation"
1525260221915	Marionette	DEBUG	Received DOM event "pagehide" for "https://www.jianshu.com/p/ef386a04955a?utm_campaign=maleskine&utm_content=note&utm_medium=seo_notes&utm_source=recommendation"
1525260221918	Marionette	DEBUG	Received DOM event "unload" for "https://www.jianshu.com/p/ef386a04955a?utm_campaign=maleskine&utm_content=note&utm_medium=seo_notes&utm_source=recommendation"
1525260222284	Marionette	DEBUG	Received DOM event "DOMContentLoaded" for "https://www.jianshu.com/p/b7ea59267c74?utm_campaign=maleskine&utm_content=note&utm_medium=seo_notes&utm_source=recommendation"
1525260222345	Marionette	DEBUG	Received DOM event "pageshow" for "https://www.jianshu.com/p/b7ea59267c74?utm_campaign=maleskine&utm_content=note&utm_medium=seo_notes&utm_source=recommendation"
1525260223400	Marionette	DEBUG	Received DOM event "beforeunload" for "https://www.jianshu.com/p/b7ea59267c74?utm_campaign=maleskine&utm_content=note&utm_medium=seo_notes&utm_source=recommendation"
1525260223700	Marionette	DEBUG	Received DOM event "pagehide" for "https://www.jianshu.com/p/b7ea59267c74?utm_campaign=maleskine&utm_content=note&utm_medium=seo_notes&utm_source=recommendation"
1525260223703	Marionette	DEBUG	Received DOM event "unload" for "https://www.jianshu.com/p/b7ea59267c74?utm_campaign=maleskine&utm_content=note&utm_medium=seo_notes&utm_source=recommendation"
1525260224040	Marionette	DEBUG	Received DOM event "DOMContentLoaded" for "https://www.jianshu.com/p/af7bc9c1d57f?utm_campaign=maleskine&utm_content=note&utm_medium=seo_notes&utm_source=recommendation"
1525260224108	Marionette	DEBUG	Received DOM event "pageshow" for "https://www.jianshu.com/p/af7bc9c1d57f?utm_campaign=maleskine&utm_content=note&utm_medium=seo_notes&utm_source=recommendation"
1525260225165	Marionette	DEBUG	Received DOM event "beforeunload" for "https://www.jianshu.com/p/af7bc9c1d57f?utm_campaign=maleskine&utm_content=note&utm_medium=seo_notes&utm_source=recommendation"
1525260225478	Marionette	DEBUG	Received DOM event "pagehide" for "https://www.jianshu.com/p/af7bc9c1d57f?utm_campaign=maleskine&utm_content=note&utm_medium=seo_notes&utm_source=recommendation"
1525260225482	Marionette	DEBUG	Received DOM event "unload" for "https://www.jianshu.com/p/af7bc9c1d57f?utm_campaign=maleskine&utm_content=note&utm_medium=seo_notes&utm_source=recommendation"
1525260225837	Marionette	DEBUG	Received DOM event "DOMContentLoaded" for "https://www.jianshu.com/p/880044e904d9?utm_campaign=maleskine&utm_content=note&utm_medium=seo_notes&utm_source=recommendation"
1525260226109	Marionette	DEBUG	Received DOM event "pageshow" for "https://www.jianshu.com/p/880044e904d9?utm_campaign=maleskine&utm_content=note&utm_medium=seo_notes&utm_source=recommendation"
1525260227162	Marionette	DEBUG	Received DOM event "beforeunload" for "https://www.jianshu.com/p/880044e904d9?utm_campaign=maleskine&utm_content=note&utm_medium=seo_notes&utm_source=recommendation"
1525260227417	Marionette	DEBUG	Received DOM event "pagehide" for "https://www.jianshu.com/p/880044e904d9?utm_campaign=maleskine&utm_content=note&utm_medium=seo_notes&utm_source=recommendation"
1525260227419	Marionette	DEBUG	Received DOM event "unload" for "https://www.jianshu.com/p/880044e904d9?utm_campaign=maleskine&utm_content=note&utm_medium=seo_notes&utm_source=recommendation"
1525260227756	Marionette	DEBUG	Received DOM event "DOMContentLoaded" for "https://www.jianshu.com/p/73fc58e826ed?utm_campaign=maleskine&utm_content=note&utm_medium=seo_notes&utm_source=recommendation"
1525260228409	Marionette	DEBUG	Received DOM event "pageshow" for "https://www.jianshu.com/p/73fc58e826ed?utm_campaign=maleskine&utm_content=note&utm_medium=seo_notes&utm_source=recommendation"
1525260229470	Marionette	DEBUG	Received DOM event "beforeunload" for "https://www.jianshu.com/p/73fc58e826ed?utm_campaign=maleskine&utm_content=note&utm_medium=seo_notes&utm_source=recommendation"
1525260229703	Marionette	DEBUG	Received DOM event "pagehide" for "https://www.jianshu.com/p/73fc58e826ed?utm_campaign=maleskine&utm_content=note&utm_medium=seo_notes&utm_source=recommendation"
1525260229704	Marionette	DEBUG	Received DOM event "unload" for "https://www.jianshu.com/p/73fc58e826ed?utm_campaign=maleskine&utm_content=note&utm_medium=seo_notes&utm_source=recommendation"
1525260230021	Marionette	DEBUG	Received DOM event "DOMContentLoaded" for "https://www.jianshu.com/p/1b998cbbaf85?utm_campaign=maleskine&utm_content=note&utm_medium=seo_notes&utm_source=recommendation"
1525260230102	Marionette	DEBUG	Received DOM event "pageshow" for "https://www.jianshu.com/p/1b998cbbaf85?utm_campaign=maleskine&utm_content=note&utm_medium=seo_notes&utm_source=recommendation"
1525260231160	Marionette	DEBUG	Received DOM event "beforeunload" for "https://www.jianshu.com/p/1b998cbbaf85?utm_campaign=maleskine&utm_content=note&utm_medium=seo_notes&utm_source=recommendation"
1525260231582	Marionette	DEBUG	Received DOM event "pagehide" for "https://www.jianshu.com/p/1b998cbbaf85?utm_campaign=maleskine&utm_content=note&utm_medium=seo_notes&utm_source=recommendation"
1525260231585	Marionette	DEBUG	Received DOM event "unload" for "https://www.jianshu.com/p/1b998cbbaf85?utm_campaign=maleskine&utm_content=note&utm_medium=seo_notes&utm_source=recommendation"
1525260231928	Marionette	DEBUG	Received DOM event "DOMContentLoaded" for "https://www.jianshu.com/p/6d9f9025c91d?utm_campaign=maleskine&utm_content=note&utm_medium=seo_notes&utm_source=recommendation"
1525260232567	Marionette	DEBUG	Received DOM event "pageshow" for "https://www.jianshu.com/p/6d9f9025c91d?utm_campaign=maleskine&utm_content=note&utm_medium=seo_notes&utm_source=recommendation"
1525260233628	Marionette	DEBUG	Received DOM event "beforeunload" for "https://www.jianshu.com/p/6d9f9025c91d?utm_campaign=maleskine&utm_content=note&utm_medium=seo_notes&utm_source=recommendation"
1525260233884	Marionette	DEBUG	Received DOM event "pagehide" for "https://www.jianshu.com/p/6d9f9025c91d?utm_campaign=maleskine&utm_content=note&utm_medium=seo_notes&utm_source=recommendation"
1525260233886	Marionette	DEBUG	Received DOM event "unload" for "https://www.jianshu.com/p/6d9f9025c91d?utm_campaign=maleskine&utm_content=note&utm_medium=seo_notes&utm_source=recommendation"
1525260234277	Marionette	DEBUG	Received DOM event "DOMContentLoaded" for "https://www.jianshu.com/p/31b09d8bcd4e?utm_campaign=maleskine&utm_content=note&utm_medium=seo_notes&utm_source=recommendation"
1525260234403	Marionette	DEBUG	Received DOM event "pageshow" for "https://www.jianshu.com/p/31b09d8bcd4e?utm_campaign=maleskine&utm_content=note&utm_medium=seo_notes&utm_source=recommendation"
1525260235465	Marionette	DEBUG	Received DOM event "beforeunload" for "https://www.jianshu.com/p/31b09d8bcd4e?utm_campaign=maleskine&utm_content=note&utm_medium=seo_notes&utm_source=recommendation"
1525260235659	Marionette	DEBUG	Received DOM event "pagehide" for "https://www.jianshu.com/p/31b09d8bcd4e?utm_campaign=maleskine&utm_content=note&utm_medium=seo_notes&utm_source=recommendation"
1525260235660	Marionette	DEBUG	Received DOM event "unload" for "https://www.jianshu.com/p/31b09d8bcd4e?utm_campaign=maleskine&utm_content=note&utm_medium=seo_notes&utm_source=recommendation"
1525260236012	Marionette	DEBUG	Received DOM event "DOMContentLoaded" for "https://www.jianshu.com/p/094be2ce409d?utm_campaign=maleskine&utm_content=note&utm_medium=seo_notes&utm_source=recommendation"
1525260236148	Marionette	DEBUG	Received DOM event "pageshow" for "https://www.jianshu.com/p/094be2ce409d?utm_campaign=maleskine&utm_content=note&utm_medium=seo_notes&utm_source=recommendation"
1525260237165	Marionette	DEBUG	Received DOM event "beforeunload" for "https://www.jianshu.com/p/094be2ce409d?utm_campaign=maleskine&utm_content=note&utm_medium=seo_notes&utm_source=recommendation"
1525260237569	Marionette	DEBUG	Received DOM event "pagehide" for "https://www.jianshu.com/p/094be2ce409d?utm_campaign=maleskine&utm_content=note&utm_medium=seo_notes&utm_source=recommendation"
1525260237573	Marionette	DEBUG	Received DOM event "unload" for "https://www.jianshu.com/p/094be2ce409d?utm_campaign=maleskine&utm_content=note&utm_medium=seo_notes&utm_source=recommendation"
1525260237947	Marionette	DEBUG	Received DOM event "DOMContentLoaded" for "https://www.jianshu.com/p/fdda6638daf5?utm_campaign=maleskine&utm_content=note&utm_medium=seo_notes&utm_source=recommendation"
1525260238014	Marionette	DEBUG	Received DOM event "pageshow" for "https://www.jianshu.com/p/fdda6638daf5?utm_campaign=maleskine&utm_content=note&utm_medium=seo_notes&utm_source=recommendation"
1525260239162	Marionette	DEBUG	Received DOM event "beforeunload" for "https://www.jianshu.com/p/fdda6638daf5?utm_campaign=maleskine&utm_content=note&utm_medium=seo_notes&utm_source=recommendation"
1525260239482	Marionette	DEBUG	Received DOM event "pagehide" for "https://www.jianshu.com/p/fdda6638daf5?utm_campaign=maleskine&utm_content=note&utm_medium=seo_notes&utm_source=recommendation"
1525260239485	Marionette	DEBUG	Received DOM event "unload" for "https://www.jianshu.com/p/fdda6638daf5?utm_campaign=maleskine&utm_content=note&utm_medium=seo_notes&utm_source=recommendation"
1525260239811	Marionette	DEBUG	Received DOM event "DOMContentLoaded" for "https://www.jianshu.com/p/8197d2a39350?utm_campaign=maleskine&utm_content=note&utm_medium=seo_notes&utm_source=recommendation"
1525260241196	Marionette	DEBUG	Received DOM event "pageshow" for "https://www.jianshu.com/p/8197d2a39350?utm_campaign=maleskine&utm_content=note&utm_medium=seo_notes&utm_source=recommendation"
1525260242245	Marionette	DEBUG	Received DOM event "beforeunload" for "https://www.jianshu.com/p/8197d2a39350?utm_campaign=maleskine&utm_content=note&utm_medium=seo_notes&utm_source=recommendation"
1525260242713	Marionette	DEBUG	Received DOM event "pagehide" for "https://www.jianshu.com/p/8197d2a39350?utm_campaign=maleskine&utm_content=note&utm_medium=seo_notes&utm_source=recommendation"
1525260242716	Marionette	DEBUG	Received DOM event "unload" for "https://www.jianshu.com/p/8197d2a39350?utm_campaign=maleskine&utm_content=note&utm_medium=seo_notes&utm_source=recommendation"
1525260243062	Marionette	DEBUG	Received DOM event "DOMContentLoaded" for "https://www.jianshu.com/p/4260931a78be?utm_campaign=maleskine&utm_content=note&utm_medium=seo_notes&utm_source=recommendation"
1525260243387	Marionette	DEBUG	Received DOM event "pageshow" for "https://www.jianshu.com/p/4260931a78be?utm_campaign=maleskine&utm_content=note&utm_medium=seo_notes&utm_source=recommendation"
1525260244437	Marionette	DEBUG	Received DOM event "beforeunload" for "https://www.jianshu.com/p/4260931a78be?utm_campaign=maleskine&utm_content=note&utm_medium=seo_notes&utm_source=recommendation"
1525260244736	Marionette	DEBUG	Received DOM event "pagehide" for "https://www.jianshu.com/p/4260931a78be?utm_campaign=maleskine&utm_content=note&utm_medium=seo_notes&utm_source=recommendation"
1525260244739	Marionette	DEBUG	Received DOM event "unload" for "https://www.jianshu.com/p/4260931a78be?utm_campaign=maleskine&utm_content=note&utm_medium=seo_notes&utm_source=recommendation"
1525260245085	Marionette	DEBUG	Received DOM event "DOMContentLoaded" for "https://www.jianshu.com/p/58acc3e13aab?utm_campaign=maleskine&utm_content=note&utm_medium=seo_notes&utm_source=recommendation"
1525260245502	Marionette	DEBUG	Received DOM event "pageshow" for "https://www.jianshu.com/p/58acc3e13aab?utm_campaign=maleskine&utm_content=note&utm_medium=seo_notes&utm_source=recommendation"
1525260246559	Marionette	DEBUG	Received DOM event "beforeunload" for "https://www.jianshu.com/p/58acc3e13aab?utm_campaign=maleskine&utm_content=note&utm_medium=seo_notes&utm_source=recommendation"
1525260246941	Marionette	DEBUG	Received DOM event "pagehide" for "https://www.jianshu.com/p/58acc3e13aab?utm_campaign=maleskine&utm_content=note&utm_medium=seo_notes&utm_source=recommendation"
1525260246945	Marionette	DEBUG	Received DOM event "unload" for "https://www.jianshu.com/p/58acc3e13aab?utm_campaign=maleskine&utm_content=note&utm_medium=seo_notes&utm_source=recommendation"
1525260247301	Marionette	DEBUG	Received DOM event "DOMContentLoaded" for "https://www.jianshu.com/p/f46c3fd9bb3b?utm_campaign=maleskine&utm_content=note&utm_medium=seo_notes&utm_source=recommendation"
1525260247569	Marionette	DEBUG	Received DOM event "pageshow" for "https://www.jianshu.com/p/f46c3fd9bb3b?utm_campaign=maleskine&utm_content=note&utm_medium=seo_notes&utm_source=recommendation"
1525260248631	Marionette	DEBUG	Received DOM event "beforeunload" for "https://www.jianshu.com/p/f46c3fd9bb3b?utm_campaign=maleskine&utm_content=note&utm_medium=seo_notes&utm_source=recommendation"
1525260248856	Marionette	DEBUG	Received DOM event "pagehide" for "https://www.jianshu.com/p/f46c3fd9bb3b?utm_campaign=maleskine&utm_content=note&utm_medium=seo_notes&utm_source=recommendation"
1525260248857	Marionette	DEBUG	Received DOM event "unload" for "https://www.jianshu.com/p/f46c3fd9bb3b?utm_campaign=maleskine&utm_content=note&utm_medium=seo_notes&utm_source=recommendation"
1525260249261	Marionette	DEBUG	Received DOM event "DOMContentLoaded" for "https://www.jianshu.com/p/6a7b3ca432cc?utm_campaign=maleskine&utm_content=note&utm_medium=seo_notes&utm_source=recommendation"
1525260249739	Marionette	DEBUG	Received DOM event "pageshow" for "https://www.jianshu.com/p/6a7b3ca432cc?utm_campaign=maleskine&utm_content=note&utm_medium=seo_notes&utm_source=recommendation"
1525260250787	Marionette	DEBUG	Received DOM event "beforeunload" for "https://www.jianshu.com/p/6a7b3ca432cc?utm_campaign=maleskine&utm_content=note&utm_medium=seo_notes&utm_source=recommendation"
1525260251085	Marionette	DEBUG	Received DOM event "pagehide" for "https://www.jianshu.com/p/6a7b3ca432cc?utm_campaign=maleskine&utm_content=note&utm_medium=seo_notes&utm_source=recommendation"
1525260251086	Marionette	DEBUG	Received DOM event "unload" for "https://www.jianshu.com/p/6a7b3ca432cc?utm_campaign=maleskine&utm_content=note&utm_medium=seo_notes&utm_source=recommendation"
1525260251466	Marionette	DEBUG	Received DOM event "DOMContentLoaded" for "https://www.jianshu.com/p/dc5761bbaa76?utm_campaign=maleskine&utm_content=note&utm_medium=seo_notes&utm_source=recommendation"
1525260251610	Marionette	DEBUG	Received DOM event "pageshow" for "https://www.jianshu.com/p/dc5761bbaa76?utm_campaign=maleskine&utm_content=note&utm_medium=seo_notes&utm_source=recommendation"
1525260252628	Marionette	DEBUG	Received DOM event "beforeunload" for "https://www.jianshu.com/p/dc5761bbaa76?utm_campaign=maleskine&utm_content=note&utm_medium=seo_notes&utm_source=recommendation"
1525260253127	Marionette	DEBUG	Received DOM event "pagehide" for "https://www.jianshu.com/p/dc5761bbaa76?utm_campaign=maleskine&utm_content=note&utm_medium=seo_notes&utm_source=recommendation"
1525260253127	Marionette	DEBUG	Received DOM event "unload" for "https://www.jianshu.com/p/dc5761bbaa76?utm_campaign=maleskine&utm_content=note&utm_medium=seo_notes&utm_source=recommendation"
1525260253523	Marionette	DEBUG	Received DOM event "DOMContentLoaded" for "https://www.jianshu.com/p/7bc35cd3ff4f?utm_campaign=maleskine&utm_content=note&utm_medium=seo_notes&utm_source=recommendation"
1525260253852	Marionette	DEBUG	Received DOM event "pageshow" for "https://www.jianshu.com/p/7bc35cd3ff4f?utm_campaign=maleskine&utm_content=note&utm_medium=seo_notes&utm_source=recommendation"
1525260254908	Marionette	DEBUG	Received DOM event "beforeunload" for "https://www.jianshu.com/p/7bc35cd3ff4f?utm_campaign=maleskine&utm_content=note&utm_medium=seo_notes&utm_source=recommendation"
1525260255314	Marionette	DEBUG	Received DOM event "pagehide" for "https://www.jianshu.com/p/7bc35cd3ff4f?utm_campaign=maleskine&utm_content=note&utm_medium=seo_notes&utm_source=recommendation"
1525260255315	Marionette	DEBUG	Received DOM event "unload" for "https://www.jianshu.com/p/7bc35cd3ff4f?utm_campaign=maleskine&utm_content=note&utm_medium=seo_notes&utm_source=recommendation"
1525260255675	Marionette	DEBUG	Received DOM event "DOMContentLoaded" for "https://www.jianshu.com/p/be4a6c5845c3?utm_campaign=maleskine&utm_content=note&utm_medium=seo_notes&utm_source=recommendation"
1525260255843	Marionette	DEBUG	Received DOM event "pageshow" for "https://www.jianshu.com/p/be4a6c5845c3?utm_campaign=maleskine&utm_content=note&utm_medium=seo_notes&utm_source=recommendation"
1525260256942	Marionette	DEBUG	Received DOM event "beforeunload" for "https://www.jianshu.com/p/be4a6c5845c3?utm_campaign=maleskine&utm_content=note&utm_medium=seo_notes&utm_source=recommendation"
1525260257267	Marionette	DEBUG	Received DOM event "pagehide" for "https://www.jianshu.com/p/be4a6c5845c3?utm_campaign=maleskine&utm_content=note&utm_medium=seo_notes&utm_source=recommendation"
1525260257268	Marionette	DEBUG	Received DOM event "unload" for "https://www.jianshu.com/p/be4a6c5845c3?utm_campaign=maleskine&utm_content=note&utm_medium=seo_notes&utm_source=recommendation"
1525260257684	Marionette	DEBUG	Received DOM event "DOMContentLoaded" for "https://www.jianshu.com/p/4f3ba0e2fb43?utm_campaign=maleskine&utm_content=note&utm_medium=seo_notes&utm_source=recommendation"
1525260257808	Marionette	DEBUG	Received DOM event "pageshow" for "https://www.jianshu.com/p/4f3ba0e2fb43?utm_campaign=maleskine&utm_content=note&utm_medium=seo_notes&utm_source=recommendation"
1525260258876	Marionette	DEBUG	Received DOM event "beforeunload" for "https://www.jianshu.com/p/4f3ba0e2fb43?utm_campaign=maleskine&utm_content=note&utm_medium=seo_notes&utm_source=recommendation"
1525260259277	Marionette	DEBUG	Received DOM event "pagehide" for "https://www.jianshu.com/p/4f3ba0e2fb43?utm_campaign=maleskine&utm_content=note&utm_medium=seo_notes&utm_source=recommendation"
1525260259277	Marionette	DEBUG	Received DOM event "unload" for "https://www.jianshu.com/p/4f3ba0e2fb43?utm_campaign=maleskine&utm_content=note&utm_medium=seo_notes&utm_source=recommendation"
1525260259682	Marionette	DEBUG	Received DOM event "DOMContentLoaded" for "https://www.jianshu.com/p/32625ce2786a?utm_campaign=maleskine&utm_content=note&utm_medium=seo_notes&utm_source=recommendation"
1525260259819	Marionette	DEBUG	Received DOM event "pageshow" for "https://www.jianshu.com/p/32625ce2786a?utm_campaign=maleskine&utm_content=note&utm_medium=seo_notes&utm_source=recommendation"
1525260260880	Marionette	DEBUG	Received DOM event "beforeunload" for "https://www.jianshu.com/p/32625ce2786a?utm_campaign=maleskine&utm_content=note&utm_medium=seo_notes&utm_source=recommendation"
1525260261275	Marionette	DEBUG	Received DOM event "pagehide" for "https://www.jianshu.com/p/32625ce2786a?utm_campaign=maleskine&utm_content=note&utm_medium=seo_notes&utm_source=recommendation"
1525260261277	Marionette	DEBUG	Received DOM event "unload" for "https://www.jianshu.com/p/32625ce2786a?utm_campaign=maleskine&utm_content=note&utm_medium=seo_notes&utm_source=recommendation"
1525260261652	Marionette	DEBUG	Received DOM event "DOMContentLoaded" for "https://www.jianshu.com/p/02e57e349ff0?utm_campaign=maleskine&utm_content=note&utm_medium=seo_notes&utm_source=recommendation"
1525260261721	Marionette	DEBUG	Received DOM event "pageshow" for "https://www.jianshu.com/p/02e57e349ff0?utm_campaign=maleskine&utm_content=note&utm_medium=seo_notes&utm_source=recommendation"
1525260262770	Marionette	DEBUG	Received DOM event "beforeunload" for "https://www.jianshu.com/p/02e57e349ff0?utm_campaign=maleskine&utm_content=note&utm_medium=seo_notes&utm_source=recommendation"
